Drill report for C:\Users\Hideto Niwa\Desktop\NishikawaLab\circuit\cap-sensor\cap-sensor.kicad_pcb
Created on 2019/12/10 15:17:50

Copper Layer Stackup:
    =============================================================
    L1 :  F.Cu                      front
    L2 :  B.Cu                      back


Drill file 'cap-sensor.drl' contains
    plated through holes:
    =============================================================
    T1  0.40mm  0.016"  (7 holes)
    T2  0.80mm  0.031"  (10 holes)
    T3  0.90mm  0.035"  (10 holes)
    T4  0.95mm  0.037"  (15 holes)
    T5  1.00mm  0.039"  (2 holes)
    T6  1.10mm  0.043"  (4 holes)
    T7  1.15mm  0.045"  (30 holes)
    T8  3.00mm  0.118"  (6 holes)

    Total plated holes count 84


Not plated through holes are merged with plated holes
    unplated through holes:
    =============================================================

    Total unplated holes count 0
